<?xml version="1.0" encoding="UTF-8"?>
<!-- Generated by org.testng.reporters.JUnitReportReporter -->
<testsuite hostname="CSCAPPDEV12473" failures="0" tests="3" name="testcases.ManageCourses" time="26.174" errors="0" timestamp="2024-01-17T15:14:57 GST" skipped="0">
  <testcase classname="testcases.ManageCourses" name="manageCoursesMethod" time="10.564"/>
  <system-out/>
  <testcase classname="testcases.ManageCourses" name="uploadFile" time="1.092"/>
  <system-out/>
  <testcase classname="testcases.ManageCourses" name="addNewCourse" time="14.518"/>
  <system-out/>
</testsuite> <!-- testcases.ManageCourses -->
