<?xml version="1.0" encoding="UTF-8"?>
<!-- Generated by org.testng.reporters.JUnitReportReporter -->
<testsuite hostname="CSCAPPDEV8148" failures="0" tests="1" name="testcases.Guest" time="5.410" errors="0" timestamp="2024-02-06T20:56:52 GST" skipped="0">
  <testcase classname="testcases.Guest" name="socialMedia" time="5.410"/>
  <system-out/>
</testsuite> <!-- testcases.Guest -->
