<?xml version="1.0" encoding="UTF-8"?>
<!-- Generated by org.testng.reporters.JUnitReportReporter -->
<testsuite hostname="CSCAPPDEV8148" failures="0" tests="3" name="testcases.ApplyThenApproveThenPayFees" time="201.809" errors="0" timestamp="2024-03-05T11:36:43 GST" skipped="0">
  <testcase classname="testcases.ApplyThenApproveThenPayFees" name="ApplyForTheService" time="78.877"/>
  <system-out/>
  <testcase classname="testcases.ApplyThenApproveThenPayFees" name="ReviewerRejectTheRequest" time="57.155"/>
  <system-out/>
  <testcase classname="testcases.ApplyThenApproveThenPayFees" name="ApplicantPayFees" time="65.777"/>
  <system-out/>
</testsuite> <!-- testcases.ApplyThenApproveThenPayFees -->
