<?xml version="1.0" encoding="UTF-8"?>
<!-- Generated by org.testng.reporters.JUnitReportReporter -->
<testsuite hostname="CSCAPPDEV8148" failures="0" tests="1" name="testcases.TestHome" time="3.796" errors="0" timestamp="2024-10-16T15:20:51 GST" skipped="0">
  <testcase classname="testcases.TestHome" name="ClickOnSwitchLanguageFromHeader" time="3.796"/>
  <system-out/>
</testsuite> <!-- testcases.TestHome -->
