<?xml version="1.0" encoding="UTF-8"?>
<!-- Generated by org.testng.reporters.JUnitReportReporter -->
<testsuite hostname="CSCAPPDEV8148" failures="0" tests="2" name="testcases.ApplicantCreateReviewerReject" time="124.800" errors="0" timestamp="2024-03-05T12:43:33 GST" skipped="0">
  <testcase classname="testcases.ApplicantCreateReviewerReject" name="ApplyForTheService" time="76.587"/>
  <system-out/>
  <testcase classname="testcases.ApplicantCreateReviewerReject" name="ReviewerRejectTheRequest" time="48.213"/>
  <system-out/>
</testsuite> <!-- testcases.ApplicantCreateReviewerReject -->
