<?xml version="1.0" encoding="UTF-8"?>
<!-- Generated by org.testng.reporters.JUnitReportReporter -->
<testsuite hostname="CSCAPPDEV12473" failures="0" tests="2" name="testcases.EnrollToTheCourse" time="20.000" errors="0" timestamp="2024-01-22T14:17:06 GST" skipped="0">
  <testcase classname="testcases.EnrollToTheCourse" name="courseAdd" time="12.972"/>
  <system-out/>
  <testcase classname="testcases.EnrollToTheCourse" name="enrollNow" time="7.028"/>
  <system-out/>
</testsuite> <!-- testcases.EnrollToTheCourse -->
