<?xml version="1.0" encoding="UTF-8"?>
<!-- Generated by org.testng.reporters.JUnitReportReporter -->
<testsuite hostname="CSCAPPDEV12473" failures="0" tests="1" name="testcases.LoginTest" time="12.002" errors="0" timestamp="2023-12-05T19:29:35 GST" skipped="0">
  <testcase classname="testcases.LoginTest" name="login" time="12.002"/>
  <system-out/>
</testsuite> <!-- testcases.LoginTest -->
